[2024-05-04 08:23:14,764] multiqc                                            [DEBUG  ]  This is MultiQC v1.21
[2024-05-04 08:23:14,765] multiqc                                            [DEBUG  ]  Command used: /home/drseed/miniconda3/bin/multiqc /home/drseed/WGS/fastqc_results -o /home/drseed/WGS/multiqc_report
[2024-05-04 08:23:15,086] multiqc                                            [DEBUG  ]  Latest MultiQC version is v1.21, released 2024-02-28
[2024-05-04 08:23:15,086] multiqc                                            [DEBUG  ]  Working dir : /home/drseed/WGS
[2024-05-04 08:23:15,086] multiqc                                            [DEBUG  ]  Template    : default
[2024-05-04 08:23:15,086] multiqc                                            [DEBUG  ]  Running Python 3.12.2 | packaged by Anaconda, Inc. | (main, Feb 27 2024, 17:35:02) [GCC 11.2.0]
[2024-05-04 08:23:15,086] multiqc                                            [DEBUG  ]  Analysing modules: custom_content, ccs, ngsderive, purple, conpair, isoseq, lima, peddy, somalier, methylqa, mosdepth, phantompeakqualtools, qualimap, bamdst, preseq, hifiasm, quast, qorts, rna_seqc, rockhopper, rsem, rseqc, busco, bustools, goleft_indexcov, gffcompare, disambiguate, supernova, deeptools, sargasso, verifybamid, mirtrace, happy, mirtop, sambamba, gopeaks, homer, hops, macs2, theta2, snpeff, gatk, htseq, bcftools, featureCounts, fgbio, dragen, dragen_fastqc, dedup, pbmarkdup, damageprofiler, mapdamage, biobambam2, jcvi, mtnucratio, picard, vep, bakta, prokka, qc3C, nanostat, samblaster, samtools, sexdeterrmine, seqera_cli, eigenstratdatabasetools, bamtools, jellyfish, vcftools, longranger, stacks, varscan2, snippy, umitools, truvari, megahit, bbmap, bismark, biscuit, diamond, hicexplorer, hicup, hicpro, salmon, kallisto, slamdunk, star, hisat2, tophat, bowtie2, bowtie1, cellranger, snpsplit, odgi, pangolin, nextclade, freyja, humid, kat, leehom, librarian, nonpareil, adapterRemoval, bbduk, clipandmerge, cutadapt, flexbar, sourmash, kaiju, bracken, kraken, malt, motus, trimmomatic, sickle, skewer, sortmerna, biobloomtools, fastq_screen, afterqc, fastp, fastqc, filtlong, prinseqplusplus, pychopper, porechop, pycoqc, minionqc, anglerfish, multivcfanalyzer, clusterflow, checkqc, bcl2fastq, bclconvert, interop, ivar, flash, seqyclean, optitype, whatshap, spaceranger, xenome, xengsort, metaphlan, seqwho
[2024-05-04 08:23:15,087] multiqc                                            [DEBUG  ]  Using temporary directory for creating report: /tmp/tmpit85nxrb
[2024-05-04 08:23:15,087] multiqc                                            [INFO   ]  Search path : /home/drseed/WGS/fastqc_results
[2024-05-04 08:23:15,180] multiqc                                            [DEBUG  ]  Summary of files that were skipped by the search: [skipped_module_specific_max_filesize: 78] // [skipped_no_match: 6]
[2024-05-04 08:23:15,196] multiqc                                            [DEBUG  ]  No samples found: custom_content
[2024-05-04 08:23:15,251] multiqc.modules.fastqc.fastqc                      [INFO   ]  Found 6 reports
[2024-05-04 08:23:15,251] multiqc.utils.util_functions                       [DEBUG  ]  Wrote data file multiqc_fastqc.txt
[2024-05-04 08:23:15,304] multiqc.plots.plotly.heatmap                       [DEBUG  ]  Heatmap size: 495x360, px per element: 45.00x60.00
[2024-05-04 08:23:15,308] multiqc.utils.software_versions                    [DEBUG  ]  Reading software versions from config.software_versions
[2024-05-04 08:23:15,308] multiqc.utils.util_functions                       [DEBUG  ]  Wrote data file multiqc_software_versions.txt
[2024-05-04 08:23:15,316] multiqc.utils.util_functions                       [DEBUG  ]  Wrote data file multiqc_general_stats.txt
[2024-05-04 08:23:15,316] multiqc                                            [DEBUG  ]  Compressing plot data
[2024-05-04 08:23:15,376] multiqc.utils.util_functions                       [DEBUG  ]  Wrote data file multiqc_data.json
[2024-05-04 08:23:15,376] multiqc                                            [INFO   ]  Existing reports found, adding suffix to filenames. Use '--force' to overwrite.
[2024-05-04 08:23:15,377] multiqc                                            [INFO   ]  Report      : multiqc_report/multiqc_report_2.html
[2024-05-04 08:23:15,377] multiqc                                            [INFO   ]  Data        : multiqc_report/multiqc_data_2
[2024-05-04 08:23:15,377] multiqc                                            [DEBUG  ]  Moving data file from '/tmp/tmpit85nxrb/multiqc_data' to '/home/drseed/WGS/multiqc_report/multiqc_data_2'
[2024-05-04 08:23:15,378] multiqc                                            [DEBUG  ]  Full report path: /home/drseed/WGS/multiqc_report/multiqc_report_2.html
[2024-05-04 08:23:15,451] multiqc                                            [INFO   ]  MultiQC complete
