[2024-05-04 05:41:16,848] multiqc                                            [DEBUG  ]  This is MultiQC v1.21
[2024-05-04 05:41:16,848] multiqc                                            [DEBUG  ]  Command used: /home/drseed/miniconda3/bin/multiqc /home/drseed/WGS/fastqc_output -o ./multiqc_report
[2024-05-04 05:41:25,999] multiqc                                            [DEBUG  ]  Timed out after waiting for 2s for multiqc.info to check latest version: HTTPSConnectionPool(host='api.multiqc.info', port=443): Max retries exceeded with url: /version?version_multiqc=1.21&version_python=3.12.2&operating_system=Linux&is_docker=False&is_singularity=False&is_conda=True&is_ci=False (Caused by ConnectTimeoutError(<urllib3.connection.HTTPSConnection object at 0x7faae4843f50>, 'Connection to api.multiqc.info timed out. (connect timeout=2)'))
[2024-05-04 05:41:25,999] multiqc                                            [DEBUG  ]  Working dir : /home/drseed/WGS
[2024-05-04 05:41:25,999] multiqc                                            [DEBUG  ]  Template    : default
[2024-05-04 05:41:25,999] multiqc                                            [DEBUG  ]  Running Python 3.12.2 | packaged by Anaconda, Inc. | (main, Feb 27 2024, 17:35:02) [GCC 11.2.0]
[2024-05-04 05:41:25,999] multiqc                                            [DEBUG  ]  Analysing modules: custom_content, ccs, ngsderive, purple, conpair, isoseq, lima, peddy, somalier, methylqa, mosdepth, phantompeakqualtools, qualimap, bamdst, preseq, hifiasm, quast, qorts, rna_seqc, rockhopper, rsem, rseqc, busco, bustools, goleft_indexcov, gffcompare, disambiguate, supernova, deeptools, sargasso, verifybamid, mirtrace, happy, mirtop, sambamba, gopeaks, homer, hops, macs2, theta2, snpeff, gatk, htseq, bcftools, featureCounts, fgbio, dragen, dragen_fastqc, dedup, pbmarkdup, damageprofiler, mapdamage, biobambam2, jcvi, mtnucratio, picard, vep, bakta, prokka, qc3C, nanostat, samblaster, samtools, sexdeterrmine, seqera_cli, eigenstratdatabasetools, bamtools, jellyfish, vcftools, longranger, stacks, varscan2, snippy, umitools, truvari, megahit, bbmap, bismark, biscuit, diamond, hicexplorer, hicup, hicpro, salmon, kallisto, slamdunk, star, hisat2, tophat, bowtie2, bowtie1, cellranger, snpsplit, odgi, pangolin, nextclade, freyja, humid, kat, leehom, librarian, nonpareil, adapterRemoval, bbduk, clipandmerge, cutadapt, flexbar, sourmash, kaiju, bracken, kraken, malt, motus, trimmomatic, sickle, skewer, sortmerna, biobloomtools, fastq_screen, afterqc, fastp, fastqc, filtlong, prinseqplusplus, pychopper, porechop, pycoqc, minionqc, anglerfish, multivcfanalyzer, clusterflow, checkqc, bcl2fastq, bclconvert, interop, ivar, flash, seqyclean, optitype, whatshap, spaceranger, xenome, xengsort, metaphlan, seqwho
[2024-05-04 05:41:25,999] multiqc                                            [DEBUG  ]  Using temporary directory for creating report: /tmp/tmplreck74h
[2024-05-04 05:41:26,002] multiqc                                            [INFO   ]  Search path : /home/drseed/WGS/fastqc_output
[2024-05-04 05:41:26,097] multiqc                                            [DEBUG  ]  Summary of files that were skipped by the search: [skipped_module_specific_max_filesize: 78] // [skipped_no_match: 7]
[2024-05-04 05:41:26,144] multiqc                                            [DEBUG  ]  No samples found: custom_content
[2024-05-04 05:41:26,220] multiqc.modules.fastqc.fastqc                      [INFO   ]  Found 6 reports
[2024-05-04 05:41:26,225] multiqc.utils.util_functions                       [DEBUG  ]  Wrote data file multiqc_fastqc.txt
[2024-05-04 05:41:26,376] multiqc.plots.plotly.heatmap                       [DEBUG  ]  Heatmap size: 495x360, px per element: 45.00x60.00
[2024-05-04 05:41:26,386] multiqc.utils.software_versions                    [DEBUG  ]  Reading software versions from config.software_versions
[2024-05-04 05:41:26,387] multiqc.utils.util_functions                       [DEBUG  ]  Wrote data file multiqc_software_versions.txt
[2024-05-04 05:41:26,397] multiqc.utils.util_functions                       [DEBUG  ]  Wrote data file multiqc_general_stats.txt
[2024-05-04 05:41:26,397] multiqc                                            [DEBUG  ]  Compressing plot data
[2024-05-04 05:41:26,462] multiqc.utils.util_functions                       [DEBUG  ]  Wrote data file multiqc_data.json
[2024-05-04 05:41:26,462] multiqc                                            [INFO   ]  Report      : multiqc_report/multiqc_report.html
[2024-05-04 05:41:26,462] multiqc                                            [INFO   ]  Data        : multiqc_report/multiqc_data
[2024-05-04 05:41:26,463] multiqc                                            [DEBUG  ]  Moving data file from '/tmp/tmplreck74h/multiqc_data' to '/home/drseed/WGS/multiqc_report/multiqc_data'
[2024-05-04 05:41:26,464] multiqc                                            [DEBUG  ]  Full report path: /home/drseed/WGS/multiqc_report/multiqc_report.html
[2024-05-04 05:41:26,601] multiqc                                            [INFO   ]  MultiQC complete
